{"level":"info","message":"Server running on port 5000","service":"block-backend","timestamp":"2025-03-08 03:35:23"}
{"errorLabelSet":{},"level":"error","message":"connect ECONNREFUSED ::1:27017, connect ECONNREFUSED 127.0.0.1:27017","reason":{"commonWireVersion":0,"compatible":true,"heartbeatFrequencyMS":10000,"localThresholdMS":15,"logicalSessionTimeoutMinutes":null,"maxElectionId":null,"maxSetVersion":null,"servers":{"localhost:27017":{"$clusterTime":null,"address":"localhost:27017","arbiters":[],"electionId":null,"error":{"beforeHandshake":false,"errorLabelSet":{}},"hosts":[],"iscryptd":false,"lastUpdateTime":14865421,"lastWriteDate":0,"logicalSessionTimeoutMinutes":null,"maxBsonObjectSize":null,"maxMessageSizeBytes":null,"maxWireVersion":0,"maxWriteBatchSize":null,"me":null,"minRoundTripTime":0,"minWireVersion":0,"passives":[],"primary":null,"roundTripTime":-1,"setName":null,"setVersion":null,"tags":{},"topologyVersion":null,"type":"Unknown"}},"setName":null,"stale":false,"type":"Unknown"},"service":"block-backend","stack":"MongooseServerSelectionError: connect ECONNREFUSED ::1:27017, connect ECONNREFUSED 127.0.0.1:27017\n    at _handleConnectionErrors (/home/utkucakan/Masaüstü/PROJELER/block/server/node_modules/mongoose/lib/connection.js:1165:11)\n    at NativeConnection.openUri (/home/utkucakan/Masaüstü/PROJELER/block/server/node_modules/mongoose/lib/connection.js:1096:11)","timestamp":"2025-03-08 03:35:53"}
{"level":"info","message":"Server running on port 5000","service":"block-backend","timestamp":"2025-03-08 03:47:56"}
{"errorLabelSet":{},"level":"error","message":"connect ECONNREFUSED ::1:27017, connect ECONNREFUSED 127.0.0.1:27017","reason":{"commonWireVersion":0,"compatible":true,"heartbeatFrequencyMS":10000,"localThresholdMS":15,"logicalSessionTimeoutMinutes":null,"maxElectionId":null,"maxSetVersion":null,"servers":{"localhost:27017":{"$clusterTime":null,"address":"localhost:27017","arbiters":[],"electionId":null,"error":{"beforeHandshake":false,"errorLabelSet":{}},"hosts":[],"iscryptd":false,"lastUpdateTime":15618894,"lastWriteDate":0,"logicalSessionTimeoutMinutes":null,"maxBsonObjectSize":null,"maxMessageSizeBytes":null,"maxWireVersion":0,"maxWriteBatchSize":null,"me":null,"minRoundTripTime":0,"minWireVersion":0,"passives":[],"primary":null,"roundTripTime":-1,"setName":null,"setVersion":null,"tags":{},"topologyVersion":null,"type":"Unknown"}},"setName":null,"stale":false,"type":"Unknown"},"service":"block-backend","stack":"MongooseServerSelectionError: connect ECONNREFUSED ::1:27017, connect ECONNREFUSED 127.0.0.1:27017\n    at _handleConnectionErrors (/home/utkucakan/Masaüstü/PROJELER/block/server/node_modules/mongoose/lib/connection.js:1165:11)\n    at NativeConnection.openUri (/home/utkucakan/Masaüstü/PROJELER/block/server/node_modules/mongoose/lib/connection.js:1096:11)","timestamp":"2025-03-08 03:48:26"}
{"level":"info","message":"Server running on port 5000","service":"block-backend","timestamp":"2025-03-08 17:26:44"}
{"level":"info","message":"Connected to MongoDB","service":"block-backend","timestamp":"2025-03-08 17:26:45"}
{"level":"info","message":"User connected: 67cc53ce6aec83b8d257ca8d","service":"block-backend","timestamp":"2025-03-08 17:27:27"}
{"level":"info","message":"User disconnected: 67cc53ce6aec83b8d257ca8d","service":"block-backend","timestamp":"2025-03-08 17:39:39"}
{"level":"info","message":"User connected: 67cc53ce6aec83b8d257ca8d","service":"block-backend","timestamp":"2025-03-08 17:39:47"}
{"level":"info","message":"User 67cc53ce6aec83b8d257ca8d joined channel 67cc584e6aec83b8d257caac","service":"block-backend","timestamp":"2025-03-08 17:46:39"}
{"level":"info","message":"User disconnected: 67cc53ce6aec83b8d257ca8d","service":"block-backend","timestamp":"2025-03-08 17:54:00"}
{"level":"info","message":"User connected: 67cc53ce6aec83b8d257ca8d","service":"block-backend","timestamp":"2025-03-08 17:54:12"}
{"level":"info","message":"User 67cc53ce6aec83b8d257ca8d joined channel 67cc584e6aec83b8d257caac","service":"block-backend","timestamp":"2025-03-08 17:54:13"}
{"level":"info","message":"User disconnected: 67cc53ce6aec83b8d257ca8d","service":"block-backend","timestamp":"2025-03-08 17:54:22"}
{"level":"info","message":"User connected: 67cc53ce6aec83b8d257ca8d","service":"block-backend","timestamp":"2025-03-08 17:54:24"}
{"level":"info","message":"User 67cc53ce6aec83b8d257ca8d joined channel 67cc584e6aec83b8d257caac","service":"block-backend","timestamp":"2025-03-08 17:54:25"}
{"level":"info","message":"User 67cc53ce6aec83b8d257ca8d left channel 67cc584e6aec83b8d257caac","service":"block-backend","timestamp":"2025-03-08 17:55:58"}
{"level":"info","message":"User 67cc53ce6aec83b8d257ca8d joined channel 67cc5a7c6aec83b8d257cb06","service":"block-backend","timestamp":"2025-03-08 17:55:58"}
{"level":"info","message":"User 67cc53ce6aec83b8d257ca8d left channel 67cc5a7c6aec83b8d257cb06","service":"block-backend","timestamp":"2025-03-08 17:56:03"}
{"level":"info","message":"User 67cc53ce6aec83b8d257ca8d joined channel 67cc584e6aec83b8d257caac","service":"block-backend","timestamp":"2025-03-08 17:56:03"}
{"level":"info","message":"User 67cc53ce6aec83b8d257ca8d left channel 67cc584e6aec83b8d257caac","service":"block-backend","timestamp":"2025-03-08 17:56:04"}
{"level":"info","message":"User 67cc53ce6aec83b8d257ca8d joined channel 67cc5a7c6aec83b8d257cb06","service":"block-backend","timestamp":"2025-03-08 17:56:04"}
{"level":"info","message":"User 67cc53ce6aec83b8d257ca8d left channel 67cc5a7c6aec83b8d257cb06","service":"block-backend","timestamp":"2025-03-08 17:58:12"}
{"level":"info","message":"User 67cc53ce6aec83b8d257ca8d joined channel 67cc584e6aec83b8d257caac","service":"block-backend","timestamp":"2025-03-08 17:58:12"}
{"level":"info","message":"User 67cc53ce6aec83b8d257ca8d left channel 67cc584e6aec83b8d257caac","service":"block-backend","timestamp":"2025-03-08 17:58:16"}
{"level":"info","message":"User 67cc53ce6aec83b8d257ca8d joined channel 67cc5a7c6aec83b8d257cb06","service":"block-backend","timestamp":"2025-03-08 17:58:16"}
{"level":"info","message":"User 67cc53ce6aec83b8d257ca8d left channel 67cc5a7c6aec83b8d257cb06","service":"block-backend","timestamp":"2025-03-08 17:58:35"}
{"level":"info","message":"User 67cc53ce6aec83b8d257ca8d joined channel 67cc584e6aec83b8d257caac","service":"block-backend","timestamp":"2025-03-08 17:58:35"}
{"level":"info","message":"User 67cc53ce6aec83b8d257ca8d left channel 67cc584e6aec83b8d257caac","service":"block-backend","timestamp":"2025-03-08 17:58:36"}
{"level":"info","message":"User 67cc53ce6aec83b8d257ca8d joined channel 67cc5a7c6aec83b8d257cb06","service":"block-backend","timestamp":"2025-03-08 17:58:36"}
{"level":"info","message":"User disconnected: 67cc53ce6aec83b8d257ca8d","service":"block-backend","timestamp":"2025-03-08 17:58:37"}
{"level":"info","message":"User connected: 67cc53ce6aec83b8d257ca8d","service":"block-backend","timestamp":"2025-03-08 17:58:39"}
{"level":"info","message":"User 67cc53ce6aec83b8d257ca8d joined channel 67cc5b326aec83b8d257cb4a","service":"block-backend","timestamp":"2025-03-08 17:58:59"}
{"level":"info","message":"User 67cc53ce6aec83b8d257ca8d left channel 67cc5b326aec83b8d257cb4a","service":"block-backend","timestamp":"2025-03-08 17:59:11"}
{"level":"info","message":"User 67cc53ce6aec83b8d257ca8d joined channel 67cc5a7c6aec83b8d257cb06","service":"block-backend","timestamp":"2025-03-08 17:59:11"}
{"level":"info","message":"User connected: 67cc53ce6aec83b8d257ca8d","service":"block-backend","timestamp":"2025-03-08 17:59:21"}
{"level":"info","message":"User disconnected: 67cc53ce6aec83b8d257ca8d","service":"block-backend","timestamp":"2025-03-08 17:59:29"}
{"level":"info","message":"User connected: 67cc5b6f6aec83b8d257cb71","service":"block-backend","timestamp":"2025-03-08 18:00:00"}
{"level":"info","message":"User 67cc5b6f6aec83b8d257cb71 joined channel 67cc584e6aec83b8d257caac","service":"block-backend","timestamp":"2025-03-08 18:00:12"}
{"level":"info","message":"User 67cc5b6f6aec83b8d257cb71 left channel 67cc584e6aec83b8d257caac","service":"block-backend","timestamp":"2025-03-08 18:00:16"}
{"level":"info","message":"User 67cc5b6f6aec83b8d257cb71 joined channel 67cc5a7c6aec83b8d257cb06","service":"block-backend","timestamp":"2025-03-08 18:00:16"}
{"level":"info","message":"User 67cc5b6f6aec83b8d257cb71 left channel 67cc5a7c6aec83b8d257cb06","service":"block-backend","timestamp":"2025-03-08 18:00:18"}
{"level":"info","message":"User 67cc5b6f6aec83b8d257cb71 joined channel 67cc5b326aec83b8d257cb4a","service":"block-backend","timestamp":"2025-03-08 18:00:18"}
{"level":"info","message":"User 67cc5b6f6aec83b8d257cb71 left channel 67cc5b326aec83b8d257cb4a","service":"block-backend","timestamp":"2025-03-08 18:00:21"}
{"level":"info","message":"User 67cc5b6f6aec83b8d257cb71 joined channel 67cc5a7c6aec83b8d257cb06","service":"block-backend","timestamp":"2025-03-08 18:00:21"}
{"level":"info","message":"User 67cc5b6f6aec83b8d257cb71 left channel 67cc5a7c6aec83b8d257cb06","service":"block-backend","timestamp":"2025-03-08 18:00:22"}
{"level":"info","message":"User 67cc5b6f6aec83b8d257cb71 joined channel 67cc584e6aec83b8d257caac","service":"block-backend","timestamp":"2025-03-08 18:00:22"}
{"level":"info","message":"User 67cc5b6f6aec83b8d257cb71 left channel 67cc584e6aec83b8d257caac","service":"block-backend","timestamp":"2025-03-08 18:00:25"}
{"level":"info","message":"User disconnected: 67cc5b6f6aec83b8d257cb71","service":"block-backend","timestamp":"2025-03-08 18:00:32"}
{"level":"info","message":"User connected: 67cc53ce6aec83b8d257ca8d","service":"block-backend","timestamp":"2025-03-08 18:00:36"}
{"level":"info","message":"User 67cc53ce6aec83b8d257ca8d joined channel 67cc5b326aec83b8d257cb4a","service":"block-backend","timestamp":"2025-03-08 18:00:41"}
{"level":"info","message":"User 67cc53ce6aec83b8d257ca8d left channel 67cc5b326aec83b8d257cb4a","service":"block-backend","timestamp":"2025-03-08 18:00:42"}
{"level":"info","message":"User 67cc53ce6aec83b8d257ca8d joined channel 67cc5a7c6aec83b8d257cb06","service":"block-backend","timestamp":"2025-03-08 18:00:42"}
{"level":"info","message":"User 67cc53ce6aec83b8d257ca8d left channel 67cc5a7c6aec83b8d257cb06","service":"block-backend","timestamp":"2025-03-08 18:01:42"}
{"level":"info","message":"User 67cc53ce6aec83b8d257ca8d joined channel 67cc5b326aec83b8d257cb4a","service":"block-backend","timestamp":"2025-03-08 18:01:43"}
{"level":"info","message":"User 67cc53ce6aec83b8d257ca8d left channel 67cc5b326aec83b8d257cb4a","service":"block-backend","timestamp":"2025-03-08 18:01:44"}
{"level":"info","message":"User 67cc53ce6aec83b8d257ca8d joined channel 67cc5a7c6aec83b8d257cb06","service":"block-backend","timestamp":"2025-03-08 18:01:44"}
{"level":"info","message":"User 67cc53ce6aec83b8d257ca8d left channel 67cc5a7c6aec83b8d257cb06","service":"block-backend","timestamp":"2025-03-08 18:01:45"}
{"level":"info","message":"User 67cc53ce6aec83b8d257ca8d joined channel 67cc584e6aec83b8d257caac","service":"block-backend","timestamp":"2025-03-08 18:01:45"}
{"level":"info","message":"User 67cc53ce6aec83b8d257ca8d left channel 67cc584e6aec83b8d257caac","service":"block-backend","timestamp":"2025-03-08 18:01:47"}
{"level":"info","message":"User 67cc53ce6aec83b8d257ca8d joined channel 67cc5a7c6aec83b8d257cb06","service":"block-backend","timestamp":"2025-03-08 18:01:47"}
{"level":"info","message":"User 67cc53ce6aec83b8d257ca8d left channel 67cc5a7c6aec83b8d257cb06","service":"block-backend","timestamp":"2025-03-08 18:01:48"}
{"level":"info","message":"User 67cc53ce6aec83b8d257ca8d joined channel 67cc5b326aec83b8d257cb4a","service":"block-backend","timestamp":"2025-03-08 18:01:48"}
{"level":"info","message":"User disconnected: 67cc53ce6aec83b8d257ca8d","service":"block-backend","timestamp":"2025-03-08 18:32:34"}
{"level":"info","message":"User disconnected: 67cc53ce6aec83b8d257ca8d","service":"block-backend","timestamp":"2025-03-08 18:32:35"}
{"level":"info","message":"Server running on port 5000","service":"block-backend","timestamp":"2025-03-09 10:38:13"}
{"level":"info","message":"Connected to MongoDB","service":"block-backend","timestamp":"2025-03-09 10:38:14"}
{"level":"info","message":"User connected: 67cc53ce6aec83b8d257ca8d","service":"block-backend","timestamp":"2025-03-09 10:38:29"}
{"level":"info","message":"User 67cc53ce6aec83b8d257ca8d joined channel 67cc584e6aec83b8d257caac","service":"block-backend","timestamp":"2025-03-09 10:38:35"}
{"level":"info","message":"User 67cc53ce6aec83b8d257ca8d left channel 67cc584e6aec83b8d257caac","service":"block-backend","timestamp":"2025-03-09 10:40:51"}
{"level":"info","message":"User 67cc53ce6aec83b8d257ca8d joined channel 67cc5a7c6aec83b8d257cb06","service":"block-backend","timestamp":"2025-03-09 10:40:51"}
{"level":"info","message":"User 67cc53ce6aec83b8d257ca8d left channel 67cc5a7c6aec83b8d257cb06","service":"block-backend","timestamp":"2025-03-09 10:40:52"}
{"level":"info","message":"User 67cc53ce6aec83b8d257ca8d joined channel 67cc5b326aec83b8d257cb4a","service":"block-backend","timestamp":"2025-03-09 10:40:52"}
{"level":"info","message":"User 67cc53ce6aec83b8d257ca8d left channel 67cc5b326aec83b8d257cb4a","service":"block-backend","timestamp":"2025-03-09 10:43:00"}
{"level":"info","message":"User 67cc53ce6aec83b8d257ca8d joined channel 67cc5a7c6aec83b8d257cb06","service":"block-backend","timestamp":"2025-03-09 10:43:01"}
{"level":"info","message":"User 67cc53ce6aec83b8d257ca8d left channel 67cc5a7c6aec83b8d257cb06","service":"block-backend","timestamp":"2025-03-09 10:43:02"}
{"level":"info","message":"User 67cc53ce6aec83b8d257ca8d joined channel 67cc5b326aec83b8d257cb4a","service":"block-backend","timestamp":"2025-03-09 10:43:02"}
{"level":"info","message":"User 67cc53ce6aec83b8d257ca8d left channel 67cc5b326aec83b8d257cb4a","service":"block-backend","timestamp":"2025-03-09 10:43:03"}
{"level":"info","message":"User 67cc53ce6aec83b8d257ca8d joined channel 67cc584e6aec83b8d257caac","service":"block-backend","timestamp":"2025-03-09 10:43:03"}
{"level":"info","message":"User 67cc53ce6aec83b8d257ca8d left channel 67cc584e6aec83b8d257caac","service":"block-backend","timestamp":"2025-03-09 10:43:05"}
{"level":"info","message":"User 67cc53ce6aec83b8d257ca8d joined channel 67cc5a7c6aec83b8d257cb06","service":"block-backend","timestamp":"2025-03-09 10:43:05"}
{"level":"info","message":"User 67cc53ce6aec83b8d257ca8d left channel 67cc5a7c6aec83b8d257cb06","service":"block-backend","timestamp":"2025-03-09 10:43:06"}
{"level":"info","message":"User 67cc53ce6aec83b8d257ca8d joined channel 67cc5b326aec83b8d257cb4a","service":"block-backend","timestamp":"2025-03-09 10:43:06"}
{"level":"info","message":"User 67cc53ce6aec83b8d257ca8d left channel 67cc5b326aec83b8d257cb4a","service":"block-backend","timestamp":"2025-03-09 10:43:14"}
{"level":"info","message":"User 67cc53ce6aec83b8d257ca8d joined channel 67cc5a7c6aec83b8d257cb06","service":"block-backend","timestamp":"2025-03-09 10:43:14"}
{"level":"info","message":"User 67cc53ce6aec83b8d257ca8d left channel 67cc5a7c6aec83b8d257cb06","service":"block-backend","timestamp":"2025-03-09 10:43:15"}
{"level":"info","message":"User 67cc53ce6aec83b8d257ca8d joined channel 67cc584e6aec83b8d257caac","service":"block-backend","timestamp":"2025-03-09 10:43:15"}
{"level":"info","message":"User disconnected: 67cc53ce6aec83b8d257ca8d","service":"block-backend","timestamp":"2025-03-09 10:49:49"}
{"address":"217.18.210.30:27017","beforeHandshake":false,"cause":{"beforeHandshake":false,"errorLabelSet":{}},"errorLabelSet":{},"level":"error","message":"Update user status error: Connection to 217.18.210.30:27017 interrupted due to server monitor timeout","service":"block-backend","stack":"PoolClearedOnNetworkError: Connection to 217.18.210.30:27017 interrupted due to server monitor timeout\n    at ConnectionPool.interruptInUseConnections (/home/utkucakan/Masaüstü/PROJELER/block/server/node_modules/mongodb/lib/cmap/connection_pool.js:253:36)\n    at /home/utkucakan/Masaüstü/PROJELER/block/server/node_modules/mongodb/lib/cmap/connection_pool.js:241:41\n    at process.processTicksAndRejections (node:internal/process/task_queues:77:11)","timestamp":"2025-03-09 10:49:54"}
{"level":"info","message":"User connected: 67cc53ce6aec83b8d257ca8d","service":"block-backend","timestamp":"2025-03-09 10:50:14"}
{"level":"info","message":"User disconnected: 67cc53ce6aec83b8d257ca8d","service":"block-backend","timestamp":"2025-03-09 10:50:18"}
{"level":"info","message":"User connected: 67cc53ce6aec83b8d257ca8d","service":"block-backend","timestamp":"2025-03-09 10:50:20"}
{"level":"info","message":"User disconnected: 67cc53ce6aec83b8d257ca8d","service":"block-backend","timestamp":"2025-03-09 10:50:25"}
{"level":"info","message":"User connected: 67cc53ce6aec83b8d257ca8d","service":"block-backend","timestamp":"2025-03-09 10:50:32"}
{"level":"info","message":"User 67cc53ce6aec83b8d257ca8d joined channel 67cc584e6aec83b8d257caac","service":"block-backend","timestamp":"2025-03-09 10:50:33"}
{"level":"info","message":"User disconnected: 67cc53ce6aec83b8d257ca8d","service":"block-backend","timestamp":"2025-03-09 10:52:11"}
{"level":"info","message":"User connected: 67cc53ce6aec83b8d257ca8d","service":"block-backend","timestamp":"2025-03-09 10:52:14"}
{"level":"info","message":"User 67cc53ce6aec83b8d257ca8d joined channel 67cc584e6aec83b8d257caac","service":"block-backend","timestamp":"2025-03-09 10:52:24"}
{"level":"info","message":"User 67cc53ce6aec83b8d257ca8d left channel 67cc584e6aec83b8d257caac","service":"block-backend","timestamp":"2025-03-09 10:52:50"}
{"level":"info","message":"User 67cc53ce6aec83b8d257ca8d joined channel 67cc5b326aec83b8d257cb4a","service":"block-backend","timestamp":"2025-03-09 10:52:51"}
{"level":"info","message":"User 67cc53ce6aec83b8d257ca8d left channel 67cc5b326aec83b8d257cb4a","service":"block-backend","timestamp":"2025-03-09 10:52:53"}
{"level":"info","message":"User 67cc53ce6aec83b8d257ca8d joined channel 67cc5a7c6aec83b8d257cb06","service":"block-backend","timestamp":"2025-03-09 10:52:53"}
{"level":"info","message":"User 67cc53ce6aec83b8d257ca8d left channel 67cc5a7c6aec83b8d257cb06","service":"block-backend","timestamp":"2025-03-09 10:52:56"}
{"level":"info","message":"User 67cc53ce6aec83b8d257ca8d joined channel 67cc584e6aec83b8d257caac","service":"block-backend","timestamp":"2025-03-09 10:52:56"}
{"level":"info","message":"Server running on port 5000","service":"block-backend","timestamp":"2025-03-09 10:58:39"}
{"level":"info","message":"Connected to MongoDB","service":"block-backend","timestamp":"2025-03-09 10:58:40"}
{"level":"info","message":"User connected: 67cc53ce6aec83b8d257ca8d","service":"block-backend","timestamp":"2025-03-09 10:58:50"}
{"level":"info","message":"User 67cc53ce6aec83b8d257ca8d joined channel 67cc5a7c6aec83b8d257cb06","service":"block-backend","timestamp":"2025-03-09 10:58:51"}
{"level":"error","message":"Unhandled Rejection: logger is not defined","service":"block-backend","stack":"ReferenceError: logger is not defined\n    at /home/utkucakan/Masaüstü/PROJELER/block/server/routes/users.js:87:5\n    at Layer.handle [as handle_request] (/home/utkucakan/Masaüstü/PROJELER/block/server/node_modules/express/lib/router/layer.js:95:5)\n    at next (/home/utkucakan/Masaüstü/PROJELER/block/server/node_modules/express/lib/router/route.js:149:13)\n    at done (/home/utkucakan/Masaüstü/PROJELER/block/server/node_modules/multer/lib/make-middleware.js:45:7)\n    at indicateDone (/home/utkucakan/Masaüstü/PROJELER/block/server/node_modules/multer/lib/make-middleware.js:49:68)\n    at /home/utkucakan/Masaüstü/PROJELER/block/server/node_modules/multer/lib/make-middleware.js:155:11\n    at WriteStream.<anonymous> (/home/utkucakan/Masaüstü/PROJELER/block/server/node_modules/multer/storage/disk.js:43:9)\n    at WriteStream.emit (node:events:529:35)\n    at finish (node:internal/streams/writable:748:10)\n    at finishMaybe (node:internal/streams/writable:733:9)","timestamp":"2025-03-09 10:58:58"}
{"level":"info","message":"User disconnected: 67cc53ce6aec83b8d257ca8d","service":"block-backend","timestamp":"2025-03-09 10:59:41"}
{"level":"info","message":"Server running on port 5000","service":"block-backend","timestamp":"2025-03-09 11:01:34"}
{"level":"info","message":"Connected to MongoDB","service":"block-backend","timestamp":"2025-03-09 11:01:35"}
{"level":"info","message":"User connected: 67cc53ce6aec83b8d257ca8d","service":"block-backend","timestamp":"2025-03-09 11:01:40"}
{"level":"info","message":"User disconnected: 67cc53ce6aec83b8d257ca8d","service":"block-backend","timestamp":"2025-03-09 11:01:45"}
{"level":"info","message":"User connected: 67cc53ce6aec83b8d257ca8d","service":"block-backend","timestamp":"2025-03-09 11:01:45"}
{"level":"info","message":"User disconnected: 67cc53ce6aec83b8d257ca8d","service":"block-backend","timestamp":"2025-03-09 11:02:26"}
{"level":"info","message":"User connected: 67cc5b6f6aec83b8d257cb71","service":"block-backend","timestamp":"2025-03-09 11:02:30"}
{"level":"info","message":"Server running on port 5000","service":"block-backend","timestamp":"2025-03-09 11:04:54"}
{"level":"info","message":"Connected to MongoDB","service":"block-backend","timestamp":"2025-03-09 11:04:55"}
{"level":"info","message":"User connected: 67cc53ce6aec83b8d257ca8d","service":"block-backend","timestamp":"2025-03-09 11:06:02"}
{"level":"info","message":"User disconnected: 67cc53ce6aec83b8d257ca8d","service":"block-backend","timestamp":"2025-03-09 11:06:10"}
{"level":"info","message":"User connected: 67cc5b6f6aec83b8d257cb71","service":"block-backend","timestamp":"2025-03-09 11:06:15"}
{"level":"info","message":"User 67cc5b6f6aec83b8d257cb71 joined channel 67cc5a7c6aec83b8d257cb06","service":"block-backend","timestamp":"2025-03-09 11:06:25"}
{"level":"info","message":"User 67cc5b6f6aec83b8d257cb71 left channel 67cc5a7c6aec83b8d257cb06","service":"block-backend","timestamp":"2025-03-09 11:06:27"}
{"level":"info","message":"User 67cc5b6f6aec83b8d257cb71 joined channel 67cc584e6aec83b8d257caac","service":"block-backend","timestamp":"2025-03-09 11:06:27"}
{"level":"info","message":"User 67cc5b6f6aec83b8d257cb71 left channel 67cc584e6aec83b8d257caac","service":"block-backend","timestamp":"2025-03-09 11:06:29"}
{"level":"info","message":"User 67cc5b6f6aec83b8d257cb71 joined channel 67cc5b326aec83b8d257cb4a","service":"block-backend","timestamp":"2025-03-09 11:06:29"}
{"level":"info","message":"User disconnected: 67cc5b6f6aec83b8d257cb71","service":"block-backend","timestamp":"2025-03-09 11:07:42"}
{"level":"info","message":"User connected: 67cc5b6f6aec83b8d257cb71","service":"block-backend","timestamp":"2025-03-09 11:07:45"}
{"level":"info","message":"User 67cc5b6f6aec83b8d257cb71 joined channel 67cc5a7c6aec83b8d257cb06","service":"block-backend","timestamp":"2025-03-09 11:07:46"}
{"level":"info","message":"User 67cc5b6f6aec83b8d257cb71 left channel 67cc5a7c6aec83b8d257cb06","service":"block-backend","timestamp":"2025-03-09 11:07:48"}
{"level":"info","message":"User 67cc5b6f6aec83b8d257cb71 joined channel 67cc584e6aec83b8d257caac","service":"block-backend","timestamp":"2025-03-09 11:07:48"}
{"level":"info","message":"User 67cc5b6f6aec83b8d257cb71 left channel 67cc584e6aec83b8d257caac","service":"block-backend","timestamp":"2025-03-09 11:07:51"}
{"level":"info","message":"User 67cc5b6f6aec83b8d257cb71 joined channel 67cc5b326aec83b8d257cb4a","service":"block-backend","timestamp":"2025-03-09 11:07:51"}
{"level":"info","message":"User 67cc5b6f6aec83b8d257cb71 left channel 67cc5b326aec83b8d257cb4a","service":"block-backend","timestamp":"2025-03-09 11:07:56"}
{"level":"info","message":"User disconnected: 67cc5b6f6aec83b8d257cb71","service":"block-backend","timestamp":"2025-03-09 11:09:24"}
{"level":"info","message":"User connected: 67cc5b6f6aec83b8d257cb71","service":"block-backend","timestamp":"2025-03-09 11:09:25"}
{"level":"info","message":"User 67cc5b6f6aec83b8d257cb71 joined channel 67cc5a7c6aec83b8d257cb06","service":"block-backend","timestamp":"2025-03-09 11:09:29"}
{"level":"info","message":"User 67cc5b6f6aec83b8d257cb71 left channel 67cc5a7c6aec83b8d257cb06","service":"block-backend","timestamp":"2025-03-09 11:09:30"}
{"level":"info","message":"User 67cc5b6f6aec83b8d257cb71 joined channel 67cc5b326aec83b8d257cb4a","service":"block-backend","timestamp":"2025-03-09 11:09:30"}
{"level":"info","message":"User 67cc5b6f6aec83b8d257cb71 left channel 67cc5b326aec83b8d257cb4a","service":"block-backend","timestamp":"2025-03-09 11:09:32"}
{"level":"info","message":"User 67cc5b6f6aec83b8d257cb71 joined channel 67cc584e6aec83b8d257caac","service":"block-backend","timestamp":"2025-03-09 11:09:32"}
{"level":"info","message":"User disconnected: 67cc5b6f6aec83b8d257cb71","service":"block-backend","timestamp":"2025-03-09 11:09:34"}
{"level":"info","message":"User connected: 67cc53ce6aec83b8d257ca8d","service":"block-backend","timestamp":"2025-03-09 11:09:42"}
{"level":"info","message":"User 67cc53ce6aec83b8d257ca8d joined channel 67cc5a7c6aec83b8d257cb06","service":"block-backend","timestamp":"2025-03-09 11:09:46"}
{"level":"info","message":"User 67cc53ce6aec83b8d257ca8d left channel 67cc5a7c6aec83b8d257cb06","service":"block-backend","timestamp":"2025-03-09 11:09:48"}
{"level":"info","message":"User 67cc53ce6aec83b8d257ca8d joined channel 67cc5b326aec83b8d257cb4a","service":"block-backend","timestamp":"2025-03-09 11:09:48"}
{"level":"info","message":"User 67cc53ce6aec83b8d257ca8d left channel 67cc5b326aec83b8d257cb4a","service":"block-backend","timestamp":"2025-03-09 11:09:50"}
{"level":"info","message":"User 67cc53ce6aec83b8d257ca8d joined channel 67cc584e6aec83b8d257caac","service":"block-backend","timestamp":"2025-03-09 11:09:50"}
{"level":"info","message":"User disconnected: 67cc53ce6aec83b8d257ca8d","service":"block-backend","timestamp":"2025-03-09 11:09:53"}
{"level":"info","message":"User connected: 67cc53ce6aec83b8d257ca8d","service":"block-backend","timestamp":"2025-03-09 11:09:55"}
{"level":"info","message":"User 67cc53ce6aec83b8d257ca8d joined channel 67cc584e6aec83b8d257caac","service":"block-backend","timestamp":"2025-03-09 11:09:56"}
{"level":"info","message":"User disconnected: 67cc53ce6aec83b8d257ca8d","service":"block-backend","timestamp":"2025-03-09 11:09:59"}
{"level":"info","message":"User connected: 67cc53ce6aec83b8d257ca8d","service":"block-backend","timestamp":"2025-03-09 11:10:01"}
{"level":"info","message":"User 67cc53ce6aec83b8d257ca8d joined channel 67cc584e6aec83b8d257caac","service":"block-backend","timestamp":"2025-03-09 11:10:17"}
{"level":"info","message":"User 67cc53ce6aec83b8d257ca8d left channel 67cc584e6aec83b8d257caac","service":"block-backend","timestamp":"2025-03-09 11:10:21"}
{"level":"info","message":"User 67cc53ce6aec83b8d257ca8d joined channel 67cc584e6aec83b8d257caac","service":"block-backend","timestamp":"2025-03-09 11:10:32"}
{"level":"info","message":"User disconnected: 67cc53ce6aec83b8d257ca8d","service":"block-backend","timestamp":"2025-03-09 11:10:38"}
{"level":"info","message":"User connected: 67cc5b6f6aec83b8d257cb71","service":"block-backend","timestamp":"2025-03-09 11:10:47"}
{"level":"info","message":"User 67cc5b6f6aec83b8d257cb71 joined channel 67cc5a7c6aec83b8d257cb06","service":"block-backend","timestamp":"2025-03-09 11:10:48"}
{"level":"info","message":"User 67cc5b6f6aec83b8d257cb71 left channel 67cc5a7c6aec83b8d257cb06","service":"block-backend","timestamp":"2025-03-09 11:10:50"}
{"level":"info","message":"User 67cc5b6f6aec83b8d257cb71 joined channel 67cc5b326aec83b8d257cb4a","service":"block-backend","timestamp":"2025-03-09 11:10:50"}
{"level":"info","message":"User 67cc5b6f6aec83b8d257cb71 left channel 67cc5b326aec83b8d257cb4a","service":"block-backend","timestamp":"2025-03-09 11:10:52"}
{"level":"info","message":"User 67cc5b6f6aec83b8d257cb71 joined channel 67cc584e6aec83b8d257caac","service":"block-backend","timestamp":"2025-03-09 11:10:52"}
{"level":"info","message":"User 67cc5b6f6aec83b8d257cb71 left channel 67cc584e6aec83b8d257caac","service":"block-backend","timestamp":"2025-03-09 11:10:55"}
{"level":"info","message":"User disconnected: 67cc5b6f6aec83b8d257cb71","service":"block-backend","timestamp":"2025-03-09 11:17:30"}
{"level":"info","message":"User connected: 67cc5b6f6aec83b8d257cb71","service":"block-backend","timestamp":"2025-03-09 11:17:32"}
{"level":"info","message":"User 67cc5b6f6aec83b8d257cb71 joined channel 67cc5a7c6aec83b8d257cb06","service":"block-backend","timestamp":"2025-03-09 11:17:33"}
{"level":"info","message":"User 67cc5b6f6aec83b8d257cb71 left channel 67cc5a7c6aec83b8d257cb06","service":"block-backend","timestamp":"2025-03-09 11:17:35"}
{"level":"info","message":"User disconnected: 67cc5b6f6aec83b8d257cb71","service":"block-backend","timestamp":"2025-03-09 11:17:45"}
{"level":"info","message":"User connected: 67cc5b6f6aec83b8d257cb71","service":"block-backend","timestamp":"2025-03-09 11:17:50"}
{"level":"info","message":"User 67cc5b6f6aec83b8d257cb71 joined channel 67cc5b326aec83b8d257cb4a","service":"block-backend","timestamp":"2025-03-09 11:17:52"}
{"level":"info","message":"User 67cc5b6f6aec83b8d257cb71 left channel 67cc5b326aec83b8d257cb4a","service":"block-backend","timestamp":"2025-03-09 11:17:53"}
{"level":"info","message":"User disconnected: 67cc5b6f6aec83b8d257cb71","service":"block-backend","timestamp":"2025-03-09 11:18:07"}
{"level":"info","message":"User connected: 67cc5b6f6aec83b8d257cb71","service":"block-backend","timestamp":"2025-03-09 11:18:13"}
{"level":"info","message":"User 67cc5b6f6aec83b8d257cb71 joined channel 67cc5b326aec83b8d257cb4a","service":"block-backend","timestamp":"2025-03-09 11:18:14"}
{"level":"info","message":"User 67cc5b6f6aec83b8d257cb71 left channel 67cc5b326aec83b8d257cb4a","service":"block-backend","timestamp":"2025-03-09 11:18:15"}
{"level":"info","message":"User disconnected: 67cc5b6f6aec83b8d257cb71","service":"block-backend","timestamp":"2025-03-09 11:18:17"}
{"level":"info","message":"User connected: 67cc53ce6aec83b8d257ca8d","service":"block-backend","timestamp":"2025-03-09 11:18:21"}
{"level":"info","message":"Server running on port 5000","service":"block-backend","timestamp":"2025-03-09 11:20:36"}
{"level":"info","message":"Connected to MongoDB","service":"block-backend","timestamp":"2025-03-09 11:20:36"}
{"level":"info","message":"User connected: 67cc53ce6aec83b8d257ca8d","service":"block-backend","timestamp":"2025-03-09 11:20:37"}
{"level":"info","message":"User disconnected: 67cc53ce6aec83b8d257ca8d","service":"block-backend","timestamp":"2025-03-09 11:20:40"}
{"level":"info","message":"User connected: 67cc53ce6aec83b8d257ca8d","service":"block-backend","timestamp":"2025-03-09 11:20:42"}
{"level":"info","message":"User 67cc53ce6aec83b8d257ca8d joined channel 67cc5b326aec83b8d257cb4a","service":"block-backend","timestamp":"2025-03-09 11:20:48"}
{"level":"info","message":"User 67cc53ce6aec83b8d257ca8d left channel 67cc5b326aec83b8d257cb4a","service":"block-backend","timestamp":"2025-03-09 11:20:52"}
{"level":"info","message":"User 67cc53ce6aec83b8d257ca8d joined channel 67cc5a7c6aec83b8d257cb06","service":"block-backend","timestamp":"2025-03-09 11:20:52"}
{"level":"info","message":"User 67cc53ce6aec83b8d257ca8d left channel 67cc5a7c6aec83b8d257cb06","service":"block-backend","timestamp":"2025-03-09 11:20:56"}
{"level":"info","message":"User 67cc53ce6aec83b8d257ca8d joined channel 67cc584e6aec83b8d257caac","service":"block-backend","timestamp":"2025-03-09 11:20:56"}
{"level":"info","message":"User disconnected: 67cc53ce6aec83b8d257ca8d","service":"block-backend","timestamp":"2025-03-09 11:21:02"}
{"level":"info","message":"User connected: 67cc5b6f6aec83b8d257cb71","service":"block-backend","timestamp":"2025-03-09 11:21:08"}
{"level":"info","message":"User 67cc5b6f6aec83b8d257cb71 joined channel 67cc5b326aec83b8d257cb4a","service":"block-backend","timestamp":"2025-03-09 11:21:16"}
{"level":"info","message":"User 67cc5b6f6aec83b8d257cb71 left channel 67cc5b326aec83b8d257cb4a","service":"block-backend","timestamp":"2025-03-09 11:21:22"}
{"level":"info","message":"User 67cc5b6f6aec83b8d257cb71 joined channel 67cc5a7c6aec83b8d257cb06","service":"block-backend","timestamp":"2025-03-09 11:21:22"}
{"level":"info","message":"User 67cc5b6f6aec83b8d257cb71 left channel 67cc5a7c6aec83b8d257cb06","service":"block-backend","timestamp":"2025-03-09 11:21:24"}
{"level":"info","message":"User 67cc5b6f6aec83b8d257cb71 joined channel 67cc584e6aec83b8d257caac","service":"block-backend","timestamp":"2025-03-09 11:21:24"}
{"level":"info","message":"User disconnected: 67cc5b6f6aec83b8d257cb71","service":"block-backend","timestamp":"2025-03-09 11:21:26"}
{"level":"info","message":"User connected: 67cc53ce6aec83b8d257ca8d","service":"block-backend","timestamp":"2025-03-09 11:21:32"}
{"level":"info","message":"User 67cc53ce6aec83b8d257ca8d joined channel 67cc5a7c6aec83b8d257cb06","service":"block-backend","timestamp":"2025-03-09 11:21:33"}
{"level":"info","message":"User 67cc53ce6aec83b8d257ca8d left channel 67cc5a7c6aec83b8d257cb06","service":"block-backend","timestamp":"2025-03-09 11:21:36"}
{"level":"info","message":"User 67cc53ce6aec83b8d257ca8d joined channel 67cc5b326aec83b8d257cb4a","service":"block-backend","timestamp":"2025-03-09 11:21:36"}
{"level":"info","message":"User disconnected: 67cc53ce6aec83b8d257ca8d","service":"block-backend","timestamp":"2025-03-09 11:23:08"}
{"level":"info","message":"User connected: 67cc53ce6aec83b8d257ca8d","service":"block-backend","timestamp":"2025-03-09 11:23:09"}
{"level":"info","message":"User 67cc53ce6aec83b8d257ca8d joined channel 67cc5a7c6aec83b8d257cb06","service":"block-backend","timestamp":"2025-03-09 11:23:10"}
{"level":"info","message":"User 67cc53ce6aec83b8d257ca8d left channel 67cc5a7c6aec83b8d257cb06","service":"block-backend","timestamp":"2025-03-09 11:23:11"}
{"level":"info","message":"User 67cc53ce6aec83b8d257ca8d joined channel 67cc5b326aec83b8d257cb4a","service":"block-backend","timestamp":"2025-03-09 11:23:18"}
{"level":"info","message":"User disconnected: 67cc53ce6aec83b8d257ca8d","service":"block-backend","timestamp":"2025-03-09 11:23:24"}
{"level":"info","message":"User connected: 67cc5b6f6aec83b8d257cb71","service":"block-backend","timestamp":"2025-03-09 11:23:33"}
{"level":"info","message":"Server running on port 5000","service":"block-backend","timestamp":"2025-03-09 11:27:08"}
{"level":"info","message":"Connected to MongoDB","service":"block-backend","timestamp":"2025-03-09 11:27:09"}
{"level":"info","message":"User connected: 67cc5b6f6aec83b8d257cb71","service":"block-backend","timestamp":"2025-03-09 11:27:09"}
{"level":"info","message":"User 67cc5b6f6aec83b8d257cb71 joined channel 67cc5b326aec83b8d257cb4a","service":"block-backend","timestamp":"2025-03-09 11:27:15"}
{"level":"info","message":"User 67cc5b6f6aec83b8d257cb71 left channel 67cc5b326aec83b8d257cb4a","service":"block-backend","timestamp":"2025-03-09 11:27:19"}
{"level":"info","message":"User 67cc5b6f6aec83b8d257cb71 joined channel 67cc5a7c6aec83b8d257cb06","service":"block-backend","timestamp":"2025-03-09 11:27:19"}
{"level":"info","message":"User disconnected: 67cc5b6f6aec83b8d257cb71","service":"block-backend","timestamp":"2025-03-09 11:27:25"}
{"level":"info","message":"User connected: 67cc53ce6aec83b8d257ca8d","service":"block-backend","timestamp":"2025-03-09 11:27:29"}
{"level":"info","message":"User 67cc53ce6aec83b8d257ca8d joined channel 67cc5a7c6aec83b8d257cb06","service":"block-backend","timestamp":"2025-03-09 11:27:31"}
{"level":"info","message":"User 67cc53ce6aec83b8d257ca8d left channel 67cc5a7c6aec83b8d257cb06","service":"block-backend","timestamp":"2025-03-09 11:27:32"}
{"level":"info","message":"User 67cc53ce6aec83b8d257ca8d joined channel 67cc584e6aec83b8d257caac","service":"block-backend","timestamp":"2025-03-09 11:27:32"}
{"level":"info","message":"User 67cc53ce6aec83b8d257ca8d left channel 67cc584e6aec83b8d257caac","service":"block-backend","timestamp":"2025-03-09 11:27:33"}
{"level":"info","message":"User 67cc53ce6aec83b8d257ca8d joined channel 67cc5b326aec83b8d257cb4a","service":"block-backend","timestamp":"2025-03-09 11:27:33"}
{"level":"info","message":"User 67cc53ce6aec83b8d257ca8d left channel 67cc5b326aec83b8d257cb4a","service":"block-backend","timestamp":"2025-03-09 11:27:36"}
{"level":"info","message":"User 67cc53ce6aec83b8d257ca8d joined channel 67cc584e6aec83b8d257caac","service":"block-backend","timestamp":"2025-03-09 11:27:37"}
{"level":"info","message":"User 67cc53ce6aec83b8d257ca8d left channel 67cc584e6aec83b8d257caac","service":"block-backend","timestamp":"2025-03-09 11:27:41"}
{"level":"info","message":"User 67cc53ce6aec83b8d257ca8d joined channel 67cc5b326aec83b8d257cb4a","service":"block-backend","timestamp":"2025-03-09 11:27:41"}
{"level":"info","message":"User 67cc53ce6aec83b8d257ca8d left channel 67cc5b326aec83b8d257cb4a","service":"block-backend","timestamp":"2025-03-09 11:27:44"}
{"level":"info","message":"Server running on port 5000","service":"block-backend","timestamp":"2025-03-09 11:29:53"}
{"level":"info","message":"Connected to MongoDB","service":"block-backend","timestamp":"2025-03-09 11:29:54"}
{"level":"info","message":"User connected: 67cc53ce6aec83b8d257ca8d","service":"block-backend","timestamp":"2025-03-09 11:29:54"}
{"level":"info","message":"User 67cc53ce6aec83b8d257ca8d joined channel 67cc5b326aec83b8d257cb4a","service":"block-backend","timestamp":"2025-03-09 11:29:57"}
{"level":"info","message":"User 67cc53ce6aec83b8d257ca8d left channel 67cc5b326aec83b8d257cb4a","service":"block-backend","timestamp":"2025-03-09 11:29:58"}
{"level":"info","message":"User 67cc53ce6aec83b8d257ca8d joined channel 67cc5a7c6aec83b8d257cb06","service":"block-backend","timestamp":"2025-03-09 11:30:00"}
{"level":"info","message":"User 67cc53ce6aec83b8d257ca8d left channel 67cc5a7c6aec83b8d257cb06","service":"block-backend","timestamp":"2025-03-09 11:30:02"}
{"level":"info","message":"User disconnected: 67cc53ce6aec83b8d257ca8d","service":"block-backend","timestamp":"2025-03-09 11:30:05"}
{"level":"info","message":"User connected: 67cc5b6f6aec83b8d257cb71","service":"block-backend","timestamp":"2025-03-09 11:30:12"}
{"level":"info","message":"User disconnected: 67cc5b6f6aec83b8d257cb71","service":"block-backend","timestamp":"2025-03-09 11:30:24"}
{"level":"info","message":"User connected: 67cc53ce6aec83b8d257ca8d","service":"block-backend","timestamp":"2025-03-09 11:30:28"}
{"level":"info","message":"User 67cc53ce6aec83b8d257ca8d joined channel 67cd519e1b00c0ca6a348494","service":"block-backend","timestamp":"2025-03-09 11:30:29"}
{"level":"info","message":"User disconnected: 67cc53ce6aec83b8d257ca8d","service":"block-backend","timestamp":"2025-03-09 11:30:44"}
{"level":"info","message":"User connected: 67cc53ce6aec83b8d257ca8d","service":"block-backend","timestamp":"2025-03-09 11:32:35"}
{"level":"info","message":"User 67cc53ce6aec83b8d257ca8d joined channel 67cd519e1b00c0ca6a348494","service":"block-backend","timestamp":"2025-03-09 11:32:37"}
{"level":"info","message":"User 67cc53ce6aec83b8d257ca8d left channel 67cd519e1b00c0ca6a348494","service":"block-backend","timestamp":"2025-03-09 11:34:55"}
{"level":"info","message":"User 67cc53ce6aec83b8d257ca8d joined channel 67cd52ad1b00c0ca6a3484ce","service":"block-backend","timestamp":"2025-03-09 11:34:55"}
{"level":"info","message":"User 67cc53ce6aec83b8d257ca8d left channel 67cd52ad1b00c0ca6a3484ce","service":"block-backend","timestamp":"2025-03-09 11:34:58"}
{"level":"info","message":"User 67cc53ce6aec83b8d257ca8d joined channel 67cd519e1b00c0ca6a348494","service":"block-backend","timestamp":"2025-03-09 11:34:58"}
{"level":"info","message":"User 67cc53ce6aec83b8d257ca8d left channel 67cd519e1b00c0ca6a348494","service":"block-backend","timestamp":"2025-03-09 11:34:59"}
{"level":"info","message":"User 67cc53ce6aec83b8d257ca8d joined channel 67cd52ad1b00c0ca6a3484ce","service":"block-backend","timestamp":"2025-03-09 11:34:59"}
{"level":"info","message":"User disconnected: 67cc53ce6aec83b8d257ca8d","service":"block-backend","timestamp":"2025-03-09 11:35:00"}
{"level":"info","message":"User connected: 67cc53ce6aec83b8d257ca8d","service":"block-backend","timestamp":"2025-03-09 11:35:03"}
{"level":"info","message":"User 67cc53ce6aec83b8d257ca8d joined channel 67cd519e1b00c0ca6a348494","service":"block-backend","timestamp":"2025-03-09 11:35:04"}
{"level":"info","message":"User 67cc53ce6aec83b8d257ca8d left channel 67cd519e1b00c0ca6a348494","service":"block-backend","timestamp":"2025-03-09 11:35:05"}
{"level":"info","message":"User 67cc53ce6aec83b8d257ca8d joined channel 67cd52ad1b00c0ca6a3484ce","service":"block-backend","timestamp":"2025-03-09 11:35:05"}
{"level":"info","message":"Server running on port 5000","service":"block-backend","timestamp":"2025-03-09 11:35:15"}
{"level":"info","message":"Connected to MongoDB","service":"block-backend","timestamp":"2025-03-09 11:35:16"}
{"level":"info","message":"User connected: 67cc53ce6aec83b8d257ca8d","service":"block-backend","timestamp":"2025-03-09 11:35:16"}
{"level":"info","message":"User 67cc53ce6aec83b8d257ca8d left channel 67cd52ad1b00c0ca6a3484ce","service":"block-backend","timestamp":"2025-03-09 11:35:17"}
{"level":"info","message":"User 67cc53ce6aec83b8d257ca8d joined channel 67cd52cc16d39c93064e591e","service":"block-backend","timestamp":"2025-03-09 11:35:27"}
{"level":"info","message":"User 67cc53ce6aec83b8d257ca8d left channel 67cd52cc16d39c93064e591e","service":"block-backend","timestamp":"2025-03-09 11:35:55"}
{"level":"info","message":"User 67cc53ce6aec83b8d257ca8d joined channel 67cd519e1b00c0ca6a348494","service":"block-backend","timestamp":"2025-03-09 11:36:00"}
{"level":"info","message":"User 67cc53ce6aec83b8d257ca8d left channel 67cd519e1b00c0ca6a348494","service":"block-backend","timestamp":"2025-03-09 11:36:10"}
{"level":"info","message":"User disconnected: 67cc53ce6aec83b8d257ca8d","service":"block-backend","timestamp":"2025-03-09 11:36:16"}
{"level":"info","message":"User connected: 67cc5b6f6aec83b8d257cb71","service":"block-backend","timestamp":"2025-03-09 11:36:45"}
{"level":"info","message":"Server running on port 5000","service":"block-backend","timestamp":"2025-03-09 11:38:06"}
{"level":"info","message":"Connected to MongoDB","service":"block-backend","timestamp":"2025-03-09 11:38:07"}
{"level":"info","message":"User connected: 67cc5b6f6aec83b8d257cb71","service":"block-backend","timestamp":"2025-03-09 11:38:10"}
{"level":"info","message":"User disconnected: 67cc5b6f6aec83b8d257cb71","service":"block-backend","timestamp":"2025-03-09 11:38:14"}
{"level":"info","message":"User connected: 67cd5394ecc858f2a2ae98b0","service":"block-backend","timestamp":"2025-03-09 11:38:45"}
{"level":"info","message":"User disconnected: 67cd5394ecc858f2a2ae98b0","service":"block-backend","timestamp":"2025-03-09 11:39:30"}
{"level":"info","message":"User connected: 67cd5394ecc858f2a2ae98b0","service":"block-backend","timestamp":"2025-03-09 11:39:31"}
{"level":"info","message":"Server running on port 5000","service":"block-backend","timestamp":"2025-03-09 11:39:46"}
{"level":"info","message":"Connected to MongoDB","service":"block-backend","timestamp":"2025-03-09 11:39:46"}
{"level":"info","message":"User connected: 67cd5394ecc858f2a2ae98b0","service":"block-backend","timestamp":"2025-03-09 11:39:46"}
{"level":"info","message":"User disconnected: 67cd5394ecc858f2a2ae98b0","service":"block-backend","timestamp":"2025-03-09 11:41:49"}
{"level":"info","message":"User connected: 67cd5394ecc858f2a2ae98b0","service":"block-backend","timestamp":"2025-03-09 11:41:52"}
{"level":"info","message":"User 67cd5394ecc858f2a2ae98b0 joined channel 67cd547b891595435e6c25f1","service":"block-backend","timestamp":"2025-03-09 11:42:37"}
{"kind":"ObjectId","level":"error","message":"Delete message error: Cast to ObjectId failed for value \"temp-1741509763076\" (type string) at path \"_id\" for model \"Message\"","path":"_id","reason":{},"service":"block-backend","stack":"CastError: Cast to ObjectId failed for value \"temp-1741509763076\" (type string) at path \"_id\" for model \"Message\"\n    at SchemaObjectId.cast (/home/utkucakan/Masaüstü/PROJELER/block/server/node_modules/mongoose/lib/schema/objectId.js:251:11)\n    at SchemaType.applySetters (/home/utkucakan/Masaüstü/PROJELER/block/server/node_modules/mongoose/lib/schemaType.js:1255:12)\n    at SchemaType.castForQuery (/home/utkucakan/Masaüstü/PROJELER/block/server/node_modules/mongoose/lib/schemaType.js:1673:17)\n    at cast (/home/utkucakan/Masaüstü/PROJELER/block/server/node_modules/mongoose/lib/cast.js:390:32)\n    at Query.cast (/home/utkucakan/Masaüstü/PROJELER/block/server/node_modules/mongoose/lib/query.js:4907:12)\n    at Query._castConditions (/home/utkucakan/Masaüstü/PROJELER/block/server/node_modules/mongoose/lib/query.js:2325:10)\n    at model.Query._findOne (/home/utkucakan/Masaüstü/PROJELER/block/server/node_modules/mongoose/lib/query.js:2648:8)\n    at model.Query.exec (/home/utkucakan/Masaüstü/PROJELER/block/server/node_modules/mongoose/lib/query.js:4456:80)\n    at process.processTicksAndRejections (node:internal/process/task_queues:95:5)\n    at async exports.deleteMessage (/home/utkucakan/Masaüstü/PROJELER/block/server/controllers/messageController.js:283:21)","stringValue":"\"temp-1741509763076\"","timestamp":"2025-03-09 11:42:48","value":"temp-1741509763076","valueType":"string"}
{"kind":"ObjectId","level":"error","message":"Delete message error: Cast to ObjectId failed for value \"temp-1741509763076\" (type string) at path \"_id\" for model \"Message\"","path":"_id","reason":{},"service":"block-backend","stack":"CastError: Cast to ObjectId failed for value \"temp-1741509763076\" (type string) at path \"_id\" for model \"Message\"\n    at SchemaObjectId.cast (/home/utkucakan/Masaüstü/PROJELER/block/server/node_modules/mongoose/lib/schema/objectId.js:251:11)\n    at SchemaType.applySetters (/home/utkucakan/Masaüstü/PROJELER/block/server/node_modules/mongoose/lib/schemaType.js:1255:12)\n    at SchemaType.castForQuery (/home/utkucakan/Masaüstü/PROJELER/block/server/node_modules/mongoose/lib/schemaType.js:1673:17)\n    at cast (/home/utkucakan/Masaüstü/PROJELER/block/server/node_modules/mongoose/lib/cast.js:390:32)\n    at Query.cast (/home/utkucakan/Masaüstü/PROJELER/block/server/node_modules/mongoose/lib/query.js:4907:12)\n    at Query._castConditions (/home/utkucakan/Masaüstü/PROJELER/block/server/node_modules/mongoose/lib/query.js:2325:10)\n    at model.Query._findOne (/home/utkucakan/Masaüstü/PROJELER/block/server/node_modules/mongoose/lib/query.js:2648:8)\n    at model.Query.exec (/home/utkucakan/Masaüstü/PROJELER/block/server/node_modules/mongoose/lib/query.js:4456:80)\n    at process.processTicksAndRejections (node:internal/process/task_queues:95:5)\n    at async exports.deleteMessage (/home/utkucakan/Masaüstü/PROJELER/block/server/controllers/messageController.js:283:21)","stringValue":"\"temp-1741509763076\"","timestamp":"2025-03-09 11:42:49","value":"temp-1741509763076","valueType":"string"}
{"kind":"ObjectId","level":"error","message":"Delete message error: Cast to ObjectId failed for value \"[object Object]\" (type string) at path \"_id\" for model \"Message\"","path":"_id","reason":{},"service":"block-backend","stack":"CastError: Cast to ObjectId failed for value \"[object Object]\" (type string) at path \"_id\" for model \"Message\"\n    at SchemaObjectId.cast (/home/utkucakan/Masaüstü/PROJELER/block/server/node_modules/mongoose/lib/schema/objectId.js:251:11)\n    at SchemaType.applySetters (/home/utkucakan/Masaüstü/PROJELER/block/server/node_modules/mongoose/lib/schemaType.js:1255:12)\n    at SchemaType.castForQuery (/home/utkucakan/Masaüstü/PROJELER/block/server/node_modules/mongoose/lib/schemaType.js:1673:17)\n    at cast (/home/utkucakan/Masaüstü/PROJELER/block/server/node_modules/mongoose/lib/cast.js:390:32)\n    at Query.cast (/home/utkucakan/Masaüstü/PROJELER/block/server/node_modules/mongoose/lib/query.js:4907:12)\n    at Query._castConditions (/home/utkucakan/Masaüstü/PROJELER/block/server/node_modules/mongoose/lib/query.js:2325:10)\n    at model.Query._findOne (/home/utkucakan/Masaüstü/PROJELER/block/server/node_modules/mongoose/lib/query.js:2648:8)\n    at model.Query.exec (/home/utkucakan/Masaüstü/PROJELER/block/server/node_modules/mongoose/lib/query.js:4456:80)\n    at process.processTicksAndRejections (node:internal/process/task_queues:95:5)\n    at async exports.deleteMessage (/home/utkucakan/Masaüstü/PROJELER/block/server/controllers/messageController.js:283:21)","stringValue":"\"[object Object]\"","timestamp":"2025-03-09 11:42:52","value":"[object Object]","valueType":"string"}
{"kind":"ObjectId","level":"error","message":"Delete message error: Cast to ObjectId failed for value \"temp-1741509763076\" (type string) at path \"_id\" for model \"Message\"","path":"_id","reason":{},"service":"block-backend","stack":"CastError: Cast to ObjectId failed for value \"temp-1741509763076\" (type string) at path \"_id\" for model \"Message\"\n    at SchemaObjectId.cast (/home/utkucakan/Masaüstü/PROJELER/block/server/node_modules/mongoose/lib/schema/objectId.js:251:11)\n    at SchemaType.applySetters (/home/utkucakan/Masaüstü/PROJELER/block/server/node_modules/mongoose/lib/schemaType.js:1255:12)\n    at SchemaType.castForQuery (/home/utkucakan/Masaüstü/PROJELER/block/server/node_modules/mongoose/lib/schemaType.js:1673:17)\n    at cast (/home/utkucakan/Masaüstü/PROJELER/block/server/node_modules/mongoose/lib/cast.js:390:32)\n    at Query.cast (/home/utkucakan/Masaüstü/PROJELER/block/server/node_modules/mongoose/lib/query.js:4907:12)\n    at Query._castConditions (/home/utkucakan/Masaüstü/PROJELER/block/server/node_modules/mongoose/lib/query.js:2325:10)\n    at model.Query._findOne (/home/utkucakan/Masaüstü/PROJELER/block/server/node_modules/mongoose/lib/query.js:2648:8)\n    at model.Query.exec (/home/utkucakan/Masaüstü/PROJELER/block/server/node_modules/mongoose/lib/query.js:4456:80)\n    at process.processTicksAndRejections (node:internal/process/task_queues:95:5)\n    at async exports.deleteMessage (/home/utkucakan/Masaüstü/PROJELER/block/server/controllers/messageController.js:283:21)","stringValue":"\"temp-1741509763076\"","timestamp":"2025-03-09 11:42:54","value":"temp-1741509763076","valueType":"string"}
{"kind":"ObjectId","level":"error","message":"Delete message error: Cast to ObjectId failed for value \"temp-1741509763076\" (type string) at path \"_id\" for model \"Message\"","path":"_id","reason":{},"service":"block-backend","stack":"CastError: Cast to ObjectId failed for value \"temp-1741509763076\" (type string) at path \"_id\" for model \"Message\"\n    at SchemaObjectId.cast (/home/utkucakan/Masaüstü/PROJELER/block/server/node_modules/mongoose/lib/schema/objectId.js:251:11)\n    at SchemaType.applySetters (/home/utkucakan/Masaüstü/PROJELER/block/server/node_modules/mongoose/lib/schemaType.js:1255:12)\n    at SchemaType.castForQuery (/home/utkucakan/Masaüstü/PROJELER/block/server/node_modules/mongoose/lib/schemaType.js:1673:17)\n    at cast (/home/utkucakan/Masaüstü/PROJELER/block/server/node_modules/mongoose/lib/cast.js:390:32)\n    at Query.cast (/home/utkucakan/Masaüstü/PROJELER/block/server/node_modules/mongoose/lib/query.js:4907:12)\n    at Query._castConditions (/home/utkucakan/Masaüstü/PROJELER/block/server/node_modules/mongoose/lib/query.js:2325:10)\n    at model.Query._findOne (/home/utkucakan/Masaüstü/PROJELER/block/server/node_modules/mongoose/lib/query.js:2648:8)\n    at model.Query.exec (/home/utkucakan/Masaüstü/PROJELER/block/server/node_modules/mongoose/lib/query.js:4456:80)\n    at process.processTicksAndRejections (node:internal/process/task_queues:95:5)\n    at async exports.deleteMessage (/home/utkucakan/Masaüstü/PROJELER/block/server/controllers/messageController.js:283:21)","stringValue":"\"temp-1741509763076\"","timestamp":"2025-03-09 11:42:55","value":"temp-1741509763076","valueType":"string"}
{"kind":"ObjectId","level":"error","message":"Delete message error: Cast to ObjectId failed for value \"temp-1741509763076\" (type string) at path \"_id\" for model \"Message\"","path":"_id","reason":{},"service":"block-backend","stack":"CastError: Cast to ObjectId failed for value \"temp-1741509763076\" (type string) at path \"_id\" for model \"Message\"\n    at SchemaObjectId.cast (/home/utkucakan/Masaüstü/PROJELER/block/server/node_modules/mongoose/lib/schema/objectId.js:251:11)\n    at SchemaType.applySetters (/home/utkucakan/Masaüstü/PROJELER/block/server/node_modules/mongoose/lib/schemaType.js:1255:12)\n    at SchemaType.castForQuery (/home/utkucakan/Masaüstü/PROJELER/block/server/node_modules/mongoose/lib/schemaType.js:1673:17)\n    at cast (/home/utkucakan/Masaüstü/PROJELER/block/server/node_modules/mongoose/lib/cast.js:390:32)\n    at Query.cast (/home/utkucakan/Masaüstü/PROJELER/block/server/node_modules/mongoose/lib/query.js:4907:12)\n    at Query._castConditions (/home/utkucakan/Masaüstü/PROJELER/block/server/node_modules/mongoose/lib/query.js:2325:10)\n    at model.Query._findOne (/home/utkucakan/Masaüstü/PROJELER/block/server/node_modules/mongoose/lib/query.js:2648:8)\n    at model.Query.exec (/home/utkucakan/Masaüstü/PROJELER/block/server/node_modules/mongoose/lib/query.js:4456:80)\n    at process.processTicksAndRejections (node:internal/process/task_queues:95:5)\n    at async exports.deleteMessage (/home/utkucakan/Masaüstü/PROJELER/block/server/controllers/messageController.js:283:21)","stringValue":"\"temp-1741509763076\"","timestamp":"2025-03-09 11:42:55","value":"temp-1741509763076","valueType":"string"}
{"kind":"ObjectId","level":"error","message":"Delete message error: Cast to ObjectId failed for value \"temp-1741509763076\" (type string) at path \"_id\" for model \"Message\"","path":"_id","reason":{},"service":"block-backend","stack":"CastError: Cast to ObjectId failed for value \"temp-1741509763076\" (type string) at path \"_id\" for model \"Message\"\n    at SchemaObjectId.cast (/home/utkucakan/Masaüstü/PROJELER/block/server/node_modules/mongoose/lib/schema/objectId.js:251:11)\n    at SchemaType.applySetters (/home/utkucakan/Masaüstü/PROJELER/block/server/node_modules/mongoose/lib/schemaType.js:1255:12)\n    at SchemaType.castForQuery (/home/utkucakan/Masaüstü/PROJELER/block/server/node_modules/mongoose/lib/schemaType.js:1673:17)\n    at cast (/home/utkucakan/Masaüstü/PROJELER/block/server/node_modules/mongoose/lib/cast.js:390:32)\n    at Query.cast (/home/utkucakan/Masaüstü/PROJELER/block/server/node_modules/mongoose/lib/query.js:4907:12)\n    at Query._castConditions (/home/utkucakan/Masaüstü/PROJELER/block/server/node_modules/mongoose/lib/query.js:2325:10)\n    at model.Query._findOne (/home/utkucakan/Masaüstü/PROJELER/block/server/node_modules/mongoose/lib/query.js:2648:8)\n    at model.Query.exec (/home/utkucakan/Masaüstü/PROJELER/block/server/node_modules/mongoose/lib/query.js:4456:80)\n    at process.processTicksAndRejections (node:internal/process/task_queues:95:5)\n    at async exports.deleteMessage (/home/utkucakan/Masaüstü/PROJELER/block/server/controllers/messageController.js:283:21)","stringValue":"\"temp-1741509763076\"","timestamp":"2025-03-09 11:42:55","value":"temp-1741509763076","valueType":"string"}
{"kind":"ObjectId","level":"error","message":"Delete message error: Cast to ObjectId failed for value \"temp-1741509763076\" (type string) at path \"_id\" for model \"Message\"","path":"_id","reason":{},"service":"block-backend","stack":"CastError: Cast to ObjectId failed for value \"temp-1741509763076\" (type string) at path \"_id\" for model \"Message\"\n    at SchemaObjectId.cast (/home/utkucakan/Masaüstü/PROJELER/block/server/node_modules/mongoose/lib/schema/objectId.js:251:11)\n    at SchemaType.applySetters (/home/utkucakan/Masaüstü/PROJELER/block/server/node_modules/mongoose/lib/schemaType.js:1255:12)\n    at SchemaType.castForQuery (/home/utkucakan/Masaüstü/PROJELER/block/server/node_modules/mongoose/lib/schemaType.js:1673:17)\n    at cast (/home/utkucakan/Masaüstü/PROJELER/block/server/node_modules/mongoose/lib/cast.js:390:32)\n    at Query.cast (/home/utkucakan/Masaüstü/PROJELER/block/server/node_modules/mongoose/lib/query.js:4907:12)\n    at Query._castConditions (/home/utkucakan/Masaüstü/PROJELER/block/server/node_modules/mongoose/lib/query.js:2325:10)\n    at model.Query._findOne (/home/utkucakan/Masaüstü/PROJELER/block/server/node_modules/mongoose/lib/query.js:2648:8)\n    at model.Query.exec (/home/utkucakan/Masaüstü/PROJELER/block/server/node_modules/mongoose/lib/query.js:4456:80)\n    at process.processTicksAndRejections (node:internal/process/task_queues:95:5)\n    at async exports.deleteMessage (/home/utkucakan/Masaüstü/PROJELER/block/server/controllers/messageController.js:283:21)","stringValue":"\"temp-1741509763076\"","timestamp":"2025-03-09 11:42:55","value":"temp-1741509763076","valueType":"string"}
{"kind":"ObjectId","level":"error","message":"Delete message error: Cast to ObjectId failed for value \"temp-1741509763076\" (type string) at path \"_id\" for model \"Message\"","path":"_id","reason":{},"service":"block-backend","stack":"CastError: Cast to ObjectId failed for value \"temp-1741509763076\" (type string) at path \"_id\" for model \"Message\"\n    at SchemaObjectId.cast (/home/utkucakan/Masaüstü/PROJELER/block/server/node_modules/mongoose/lib/schema/objectId.js:251:11)\n    at SchemaType.applySetters (/home/utkucakan/Masaüstü/PROJELER/block/server/node_modules/mongoose/lib/schemaType.js:1255:12)\n    at SchemaType.castForQuery (/home/utkucakan/Masaüstü/PROJELER/block/server/node_modules/mongoose/lib/schemaType.js:1673:17)\n    at cast (/home/utkucakan/Masaüstü/PROJELER/block/server/node_modules/mongoose/lib/cast.js:390:32)\n    at Query.cast (/home/utkucakan/Masaüstü/PROJELER/block/server/node_modules/mongoose/lib/query.js:4907:12)\n    at Query._castConditions (/home/utkucakan/Masaüstü/PROJELER/block/server/node_modules/mongoose/lib/query.js:2325:10)\n    at model.Query._findOne (/home/utkucakan/Masaüstü/PROJELER/block/server/node_modules/mongoose/lib/query.js:2648:8)\n    at model.Query.exec (/home/utkucakan/Masaüstü/PROJELER/block/server/node_modules/mongoose/lib/query.js:4456:80)\n    at process.processTicksAndRejections (node:internal/process/task_queues:95:5)\n    at async exports.deleteMessage (/home/utkucakan/Masaüstü/PROJELER/block/server/controllers/messageController.js:283:21)","stringValue":"\"temp-1741509763076\"","timestamp":"2025-03-09 11:42:55","value":"temp-1741509763076","valueType":"string"}
{"kind":"ObjectId","level":"error","message":"Delete message error: Cast to ObjectId failed for value \"temp-1741509763076\" (type string) at path \"_id\" for model \"Message\"","path":"_id","reason":{},"service":"block-backend","stack":"CastError: Cast to ObjectId failed for value \"temp-1741509763076\" (type string) at path \"_id\" for model \"Message\"\n    at SchemaObjectId.cast (/home/utkucakan/Masaüstü/PROJELER/block/server/node_modules/mongoose/lib/schema/objectId.js:251:11)\n    at SchemaType.applySetters (/home/utkucakan/Masaüstü/PROJELER/block/server/node_modules/mongoose/lib/schemaType.js:1255:12)\n    at SchemaType.castForQuery (/home/utkucakan/Masaüstü/PROJELER/block/server/node_modules/mongoose/lib/schemaType.js:1673:17)\n    at cast (/home/utkucakan/Masaüstü/PROJELER/block/server/node_modules/mongoose/lib/cast.js:390:32)\n    at Query.cast (/home/utkucakan/Masaüstü/PROJELER/block/server/node_modules/mongoose/lib/query.js:4907:12)\n    at Query._castConditions (/home/utkucakan/Masaüstü/PROJELER/block/server/node_modules/mongoose/lib/query.js:2325:10)\n    at model.Query._findOne (/home/utkucakan/Masaüstü/PROJELER/block/server/node_modules/mongoose/lib/query.js:2648:8)\n    at model.Query.exec (/home/utkucakan/Masaüstü/PROJELER/block/server/node_modules/mongoose/lib/query.js:4456:80)\n    at process.processTicksAndRejections (node:internal/process/task_queues:95:5)\n    at async exports.deleteMessage (/home/utkucakan/Masaüstü/PROJELER/block/server/controllers/messageController.js:283:21)","stringValue":"\"temp-1741509763076\"","timestamp":"2025-03-09 11:42:55","value":"temp-1741509763076","valueType":"string"}
{"kind":"ObjectId","level":"error","message":"Delete message error: Cast to ObjectId failed for value \"temp-1741509763076\" (type string) at path \"_id\" for model \"Message\"","path":"_id","reason":{},"service":"block-backend","stack":"CastError: Cast to ObjectId failed for value \"temp-1741509763076\" (type string) at path \"_id\" for model \"Message\"\n    at SchemaObjectId.cast (/home/utkucakan/Masaüstü/PROJELER/block/server/node_modules/mongoose/lib/schema/objectId.js:251:11)\n    at SchemaType.applySetters (/home/utkucakan/Masaüstü/PROJELER/block/server/node_modules/mongoose/lib/schemaType.js:1255:12)\n    at SchemaType.castForQuery (/home/utkucakan/Masaüstü/PROJELER/block/server/node_modules/mongoose/lib/schemaType.js:1673:17)\n    at cast (/home/utkucakan/Masaüstü/PROJELER/block/server/node_modules/mongoose/lib/cast.js:390:32)\n    at Query.cast (/home/utkucakan/Masaüstü/PROJELER/block/server/node_modules/mongoose/lib/query.js:4907:12)\n    at Query._castConditions (/home/utkucakan/Masaüstü/PROJELER/block/server/node_modules/mongoose/lib/query.js:2325:10)\n    at model.Query._findOne (/home/utkucakan/Masaüstü/PROJELER/block/server/node_modules/mongoose/lib/query.js:2648:8)\n    at model.Query.exec (/home/utkucakan/Masaüstü/PROJELER/block/server/node_modules/mongoose/lib/query.js:4456:80)\n    at process.processTicksAndRejections (node:internal/process/task_queues:95:5)\n    at async exports.deleteMessage (/home/utkucakan/Masaüstü/PROJELER/block/server/controllers/messageController.js:283:21)","stringValue":"\"temp-1741509763076\"","timestamp":"2025-03-09 11:42:56","value":"temp-1741509763076","valueType":"string"}
{"kind":"ObjectId","level":"error","message":"Delete message error: Cast to ObjectId failed for value \"temp-1741509763076\" (type string) at path \"_id\" for model \"Message\"","path":"_id","reason":{},"service":"block-backend","stack":"CastError: Cast to ObjectId failed for value \"temp-1741509763076\" (type string) at path \"_id\" for model \"Message\"\n    at SchemaObjectId.cast (/home/utkucakan/Masaüstü/PROJELER/block/server/node_modules/mongoose/lib/schema/objectId.js:251:11)\n    at SchemaType.applySetters (/home/utkucakan/Masaüstü/PROJELER/block/server/node_modules/mongoose/lib/schemaType.js:1255:12)\n    at SchemaType.castForQuery (/home/utkucakan/Masaüstü/PROJELER/block/server/node_modules/mongoose/lib/schemaType.js:1673:17)\n    at cast (/home/utkucakan/Masaüstü/PROJELER/block/server/node_modules/mongoose/lib/cast.js:390:32)\n    at Query.cast (/home/utkucakan/Masaüstü/PROJELER/block/server/node_modules/mongoose/lib/query.js:4907:12)\n    at Query._castConditions (/home/utkucakan/Masaüstü/PROJELER/block/server/node_modules/mongoose/lib/query.js:2325:10)\n    at model.Query._findOne (/home/utkucakan/Masaüstü/PROJELER/block/server/node_modules/mongoose/lib/query.js:2648:8)\n    at model.Query.exec (/home/utkucakan/Masaüstü/PROJELER/block/server/node_modules/mongoose/lib/query.js:4456:80)\n    at process.processTicksAndRejections (node:internal/process/task_queues:95:5)\n    at async exports.deleteMessage (/home/utkucakan/Masaüstü/PROJELER/block/server/controllers/messageController.js:283:21)","stringValue":"\"temp-1741509763076\"","timestamp":"2025-03-09 11:42:56","value":"temp-1741509763076","valueType":"string"}
{"kind":"ObjectId","level":"error","message":"Delete message error: Cast to ObjectId failed for value \"temp-1741509763076\" (type string) at path \"_id\" for model \"Message\"","path":"_id","reason":{},"service":"block-backend","stack":"CastError: Cast to ObjectId failed for value \"temp-1741509763076\" (type string) at path \"_id\" for model \"Message\"\n    at SchemaObjectId.cast (/home/utkucakan/Masaüstü/PROJELER/block/server/node_modules/mongoose/lib/schema/objectId.js:251:11)\n    at SchemaType.applySetters (/home/utkucakan/Masaüstü/PROJELER/block/server/node_modules/mongoose/lib/schemaType.js:1255:12)\n    at SchemaType.castForQuery (/home/utkucakan/Masaüstü/PROJELER/block/server/node_modules/mongoose/lib/schemaType.js:1673:17)\n    at cast (/home/utkucakan/Masaüstü/PROJELER/block/server/node_modules/mongoose/lib/cast.js:390:32)\n    at Query.cast (/home/utkucakan/Masaüstü/PROJELER/block/server/node_modules/mongoose/lib/query.js:4907:12)\n    at Query._castConditions (/home/utkucakan/Masaüstü/PROJELER/block/server/node_modules/mongoose/lib/query.js:2325:10)\n    at model.Query._findOne (/home/utkucakan/Masaüstü/PROJELER/block/server/node_modules/mongoose/lib/query.js:2648:8)\n    at model.Query.exec (/home/utkucakan/Masaüstü/PROJELER/block/server/node_modules/mongoose/lib/query.js:4456:80)\n    at process.processTicksAndRejections (node:internal/process/task_queues:95:5)\n    at async exports.deleteMessage (/home/utkucakan/Masaüstü/PROJELER/block/server/controllers/messageController.js:283:21)","stringValue":"\"temp-1741509763076\"","timestamp":"2025-03-09 11:43:03","value":"temp-1741509763076","valueType":"string"}
{"kind":"ObjectId","level":"error","message":"Delete message error: Cast to ObjectId failed for value \"temp-1741509763076\" (type string) at path \"_id\" for model \"Message\"","path":"_id","reason":{},"service":"block-backend","stack":"CastError: Cast to ObjectId failed for value \"temp-1741509763076\" (type string) at path \"_id\" for model \"Message\"\n    at SchemaObjectId.cast (/home/utkucakan/Masaüstü/PROJELER/block/server/node_modules/mongoose/lib/schema/objectId.js:251:11)\n    at SchemaType.applySetters (/home/utkucakan/Masaüstü/PROJELER/block/server/node_modules/mongoose/lib/schemaType.js:1255:12)\n    at SchemaType.castForQuery (/home/utkucakan/Masaüstü/PROJELER/block/server/node_modules/mongoose/lib/schemaType.js:1673:17)\n    at cast (/home/utkucakan/Masaüstü/PROJELER/block/server/node_modules/mongoose/lib/cast.js:390:32)\n    at Query.cast (/home/utkucakan/Masaüstü/PROJELER/block/server/node_modules/mongoose/lib/query.js:4907:12)\n    at Query._castConditions (/home/utkucakan/Masaüstü/PROJELER/block/server/node_modules/mongoose/lib/query.js:2325:10)\n    at model.Query._findOne (/home/utkucakan/Masaüstü/PROJELER/block/server/node_modules/mongoose/lib/query.js:2648:8)\n    at model.Query.exec (/home/utkucakan/Masaüstü/PROJELER/block/server/node_modules/mongoose/lib/query.js:4456:80)\n    at process.processTicksAndRejections (node:internal/process/task_queues:95:5)\n    at async exports.deleteMessage (/home/utkucakan/Masaüstü/PROJELER/block/server/controllers/messageController.js:283:21)","stringValue":"\"temp-1741509763076\"","timestamp":"2025-03-09 11:44:06","value":"temp-1741509763076","valueType":"string"}
{"kind":"ObjectId","level":"error","message":"Delete message error: Cast to ObjectId failed for value \"temp-1741509763076\" (type string) at path \"_id\" for model \"Message\"","path":"_id","reason":{},"service":"block-backend","stack":"CastError: Cast to ObjectId failed for value \"temp-1741509763076\" (type string) at path \"_id\" for model \"Message\"\n    at SchemaObjectId.cast (/home/utkucakan/Masaüstü/PROJELER/block/server/node_modules/mongoose/lib/schema/objectId.js:251:11)\n    at SchemaType.applySetters (/home/utkucakan/Masaüstü/PROJELER/block/server/node_modules/mongoose/lib/schemaType.js:1255:12)\n    at SchemaType.castForQuery (/home/utkucakan/Masaüstü/PROJELER/block/server/node_modules/mongoose/lib/schemaType.js:1673:17)\n    at cast (/home/utkucakan/Masaüstü/PROJELER/block/server/node_modules/mongoose/lib/cast.js:390:32)\n    at Query.cast (/home/utkucakan/Masaüstü/PROJELER/block/server/node_modules/mongoose/lib/query.js:4907:12)\n    at Query._castConditions (/home/utkucakan/Masaüstü/PROJELER/block/server/node_modules/mongoose/lib/query.js:2325:10)\n    at model.Query._findOne (/home/utkucakan/Masaüstü/PROJELER/block/server/node_modules/mongoose/lib/query.js:2648:8)\n    at model.Query.exec (/home/utkucakan/Masaüstü/PROJELER/block/server/node_modules/mongoose/lib/query.js:4456:80)\n    at process.processTicksAndRejections (node:internal/process/task_queues:95:5)\n    at async exports.deleteMessage (/home/utkucakan/Masaüstü/PROJELER/block/server/controllers/messageController.js:283:21)","stringValue":"\"temp-1741509763076\"","timestamp":"2025-03-09 11:44:06","value":"temp-1741509763076","valueType":"string"}
{"kind":"ObjectId","level":"error","message":"Delete message error: Cast to ObjectId failed for value \"temp-1741509763076\" (type string) at path \"_id\" for model \"Message\"","path":"_id","reason":{},"service":"block-backend","stack":"CastError: Cast to ObjectId failed for value \"temp-1741509763076\" (type string) at path \"_id\" for model \"Message\"\n    at SchemaObjectId.cast (/home/utkucakan/Masaüstü/PROJELER/block/server/node_modules/mongoose/lib/schema/objectId.js:251:11)\n    at SchemaType.applySetters (/home/utkucakan/Masaüstü/PROJELER/block/server/node_modules/mongoose/lib/schemaType.js:1255:12)\n    at SchemaType.castForQuery (/home/utkucakan/Masaüstü/PROJELER/block/server/node_modules/mongoose/lib/schemaType.js:1673:17)\n    at cast (/home/utkucakan/Masaüstü/PROJELER/block/server/node_modules/mongoose/lib/cast.js:390:32)\n    at Query.cast (/home/utkucakan/Masaüstü/PROJELER/block/server/node_modules/mongoose/lib/query.js:4907:12)\n    at Query._castConditions (/home/utkucakan/Masaüstü/PROJELER/block/server/node_modules/mongoose/lib/query.js:2325:10)\n    at model.Query._findOne (/home/utkucakan/Masaüstü/PROJELER/block/server/node_modules/mongoose/lib/query.js:2648:8)\n    at model.Query.exec (/home/utkucakan/Masaüstü/PROJELER/block/server/node_modules/mongoose/lib/query.js:4456:80)\n    at process.processTicksAndRejections (node:internal/process/task_queues:95:5)\n    at async exports.deleteMessage (/home/utkucakan/Masaüstü/PROJELER/block/server/controllers/messageController.js:283:21)","stringValue":"\"temp-1741509763076\"","timestamp":"2025-03-09 11:44:07","value":"temp-1741509763076","valueType":"string"}
{"kind":"ObjectId","level":"error","message":"Delete message error: Cast to ObjectId failed for value \"temp-1741509763076\" (type string) at path \"_id\" for model \"Message\"","path":"_id","reason":{},"service":"block-backend","stack":"CastError: Cast to ObjectId failed for value \"temp-1741509763076\" (type string) at path \"_id\" for model \"Message\"\n    at SchemaObjectId.cast (/home/utkucakan/Masaüstü/PROJELER/block/server/node_modules/mongoose/lib/schema/objectId.js:251:11)\n    at SchemaType.applySetters (/home/utkucakan/Masaüstü/PROJELER/block/server/node_modules/mongoose/lib/schemaType.js:1255:12)\n    at SchemaType.castForQuery (/home/utkucakan/Masaüstü/PROJELER/block/server/node_modules/mongoose/lib/schemaType.js:1673:17)\n    at cast (/home/utkucakan/Masaüstü/PROJELER/block/server/node_modules/mongoose/lib/cast.js:390:32)\n    at Query.cast (/home/utkucakan/Masaüstü/PROJELER/block/server/node_modules/mongoose/lib/query.js:4907:12)\n    at Query._castConditions (/home/utkucakan/Masaüstü/PROJELER/block/server/node_modules/mongoose/lib/query.js:2325:10)\n    at model.Query._findOne (/home/utkucakan/Masaüstü/PROJELER/block/server/node_modules/mongoose/lib/query.js:2648:8)\n    at model.Query.exec (/home/utkucakan/Masaüstü/PROJELER/block/server/node_modules/mongoose/lib/query.js:4456:80)\n    at process.processTicksAndRejections (node:internal/process/task_queues:95:5)\n    at async exports.deleteMessage (/home/utkucakan/Masaüstü/PROJELER/block/server/controllers/messageController.js:283:21)","stringValue":"\"temp-1741509763076\"","timestamp":"2025-03-09 11:44:07","value":"temp-1741509763076","valueType":"string"}
{"kind":"ObjectId","level":"error","message":"Delete message error: Cast to ObjectId failed for value \"temp-1741509763076\" (type string) at path \"_id\" for model \"Message\"","path":"_id","reason":{},"service":"block-backend","stack":"CastError: Cast to ObjectId failed for value \"temp-1741509763076\" (type string) at path \"_id\" for model \"Message\"\n    at SchemaObjectId.cast (/home/utkucakan/Masaüstü/PROJELER/block/server/node_modules/mongoose/lib/schema/objectId.js:251:11)\n    at SchemaType.applySetters (/home/utkucakan/Masaüstü/PROJELER/block/server/node_modules/mongoose/lib/schemaType.js:1255:12)\n    at SchemaType.castForQuery (/home/utkucakan/Masaüstü/PROJELER/block/server/node_modules/mongoose/lib/schemaType.js:1673:17)\n    at cast (/home/utkucakan/Masaüstü/PROJELER/block/server/node_modules/mongoose/lib/cast.js:390:32)\n    at Query.cast (/home/utkucakan/Masaüstü/PROJELER/block/server/node_modules/mongoose/lib/query.js:4907:12)\n    at Query._castConditions (/home/utkucakan/Masaüstü/PROJELER/block/server/node_modules/mongoose/lib/query.js:2325:10)\n    at model.Query._findOne (/home/utkucakan/Masaüstü/PROJELER/block/server/node_modules/mongoose/lib/query.js:2648:8)\n    at model.Query.exec (/home/utkucakan/Masaüstü/PROJELER/block/server/node_modules/mongoose/lib/query.js:4456:80)\n    at process.processTicksAndRejections (node:internal/process/task_queues:95:5)\n    at async exports.deleteMessage (/home/utkucakan/Masaüstü/PROJELER/block/server/controllers/messageController.js:283:21)","stringValue":"\"temp-1741509763076\"","timestamp":"2025-03-09 11:44:07","value":"temp-1741509763076","valueType":"string"}
{"kind":"ObjectId","level":"error","message":"Delete message error: Cast to ObjectId failed for value \"temp-1741509763076\" (type string) at path \"_id\" for model \"Message\"","path":"_id","reason":{},"service":"block-backend","stack":"CastError: Cast to ObjectId failed for value \"temp-1741509763076\" (type string) at path \"_id\" for model \"Message\"\n    at SchemaObjectId.cast (/home/utkucakan/Masaüstü/PROJELER/block/server/node_modules/mongoose/lib/schema/objectId.js:251:11)\n    at SchemaType.applySetters (/home/utkucakan/Masaüstü/PROJELER/block/server/node_modules/mongoose/lib/schemaType.js:1255:12)\n    at SchemaType.castForQuery (/home/utkucakan/Masaüstü/PROJELER/block/server/node_modules/mongoose/lib/schemaType.js:1673:17)\n    at cast (/home/utkucakan/Masaüstü/PROJELER/block/server/node_modules/mongoose/lib/cast.js:390:32)\n    at Query.cast (/home/utkucakan/Masaüstü/PROJELER/block/server/node_modules/mongoose/lib/query.js:4907:12)\n    at Query._castConditions (/home/utkucakan/Masaüstü/PROJELER/block/server/node_modules/mongoose/lib/query.js:2325:10)\n    at model.Query._findOne (/home/utkucakan/Masaüstü/PROJELER/block/server/node_modules/mongoose/lib/query.js:2648:8)\n    at model.Query.exec (/home/utkucakan/Masaüstü/PROJELER/block/server/node_modules/mongoose/lib/query.js:4456:80)\n    at process.processTicksAndRejections (node:internal/process/task_queues:95:5)\n    at async exports.deleteMessage (/home/utkucakan/Masaüstü/PROJELER/block/server/controllers/messageController.js:283:21)","stringValue":"\"temp-1741509763076\"","timestamp":"2025-03-09 11:44:07","value":"temp-1741509763076","valueType":"string"}
{"level":"info","message":"User disconnected: 67cd5394ecc858f2a2ae98b0","service":"block-backend","timestamp":"2025-03-09 11:45:08"}
{"level":"info","message":"User connected: 67cd5394ecc858f2a2ae98b0","service":"block-backend","timestamp":"2025-03-09 11:45:10"}
{"level":"info","message":"User 67cd5394ecc858f2a2ae98b0 joined channel 67cd547b891595435e6c25f1","service":"block-backend","timestamp":"2025-03-09 11:45:11"}
{"level":"info","message":"Server running on port 5000","service":"block-backend","timestamp":"2025-03-09 11:48:13"}
{"level":"info","message":"Connected to MongoDB","service":"block-backend","timestamp":"2025-03-09 11:48:14"}
{"level":"info","message":"User connected: 67cd5394ecc858f2a2ae98b0","service":"block-backend","timestamp":"2025-03-09 11:48:18"}
{"level":"info","message":"User disconnected: 67cd5394ecc858f2a2ae98b0","service":"block-backend","timestamp":"2025-03-09 11:48:19"}
{"level":"info","message":"User connected: 67cd5394ecc858f2a2ae98b0","service":"block-backend","timestamp":"2025-03-09 11:48:21"}
{"level":"info","message":"User 67cd5394ecc858f2a2ae98b0 joined channel 67cd547b891595435e6c25f1","service":"block-backend","timestamp":"2025-03-09 11:48:22"}
{"level":"info","message":"User disconnected: 67cd5394ecc858f2a2ae98b0","service":"block-backend","timestamp":"2025-03-09 11:48:44"}
{"level":"info","message":"User connected: 67cd5394ecc858f2a2ae98b0","service":"block-backend","timestamp":"2025-03-09 11:48:52"}
{"level":"info","message":"User 67cd5394ecc858f2a2ae98b0 joined channel 67cd547b891595435e6c25f1","service":"block-backend","timestamp":"2025-03-09 11:48:56"}
{"level":"info","message":"Server running on port 5000","service":"block-backend","timestamp":"2025-03-09 11:52:23"}
{"level":"info","message":"Connected to MongoDB","service":"block-backend","timestamp":"2025-03-09 11:52:24"}
{"level":"info","message":"User connected: 67cd5394ecc858f2a2ae98b0","service":"block-backend","timestamp":"2025-03-09 11:52:24"}
{"level":"info","message":"User disconnected: 67cd5394ecc858f2a2ae98b0","service":"block-backend","timestamp":"2025-03-09 11:52:27"}
{"level":"info","message":"User connected: 67cd5394ecc858f2a2ae98b0","service":"block-backend","timestamp":"2025-03-09 11:52:28"}
{"level":"info","message":"User 67cd5394ecc858f2a2ae98b0 joined channel 67cd547b891595435e6c25f1","service":"block-backend","timestamp":"2025-03-09 11:52:36"}
{"level":"info","message":"User 67cd5394ecc858f2a2ae98b0 left channel 67cd547b891595435e6c25f1","service":"block-backend","timestamp":"2025-03-09 11:52:47"}
{"level":"info","message":"User 67cd5394ecc858f2a2ae98b0 joined channel 67cd547b891595435e6c25f1","service":"block-backend","timestamp":"2025-03-09 11:52:49"}
{"level":"info","message":"User disconnected: 67cd5394ecc858f2a2ae98b0","service":"block-backend","timestamp":"2025-03-09 12:02:21"}
{"level":"info","message":"User connected: 67cd5394ecc858f2a2ae98b0","service":"block-backend","timestamp":"2025-03-09 12:02:24"}
{"level":"info","message":"User 67cd5394ecc858f2a2ae98b0 joined channel 67cd547b891595435e6c25f1","service":"block-backend","timestamp":"2025-03-09 12:03:16"}
{"level":"info","message":"User disconnected: 67cd5394ecc858f2a2ae98b0","service":"block-backend","timestamp":"2025-03-09 12:04:47"}
{"level":"info","message":"User connected: 67cd5394ecc858f2a2ae98b0","service":"block-backend","timestamp":"2025-03-09 12:04:49"}
{"level":"info","message":"User 67cd5394ecc858f2a2ae98b0 joined channel 67cd547b891595435e6c25f1","service":"block-backend","timestamp":"2025-03-09 12:04:50"}
{"level":"info","message":"User disconnected: 67cd5394ecc858f2a2ae98b0","service":"block-backend","timestamp":"2025-03-09 12:08:06"}
{"level":"info","message":"User connected: 67cd5394ecc858f2a2ae98b0","service":"block-backend","timestamp":"2025-03-09 12:08:08"}
{"level":"info","message":"User 67cd5394ecc858f2a2ae98b0 joined channel 67cd547b891595435e6c25f1","service":"block-backend","timestamp":"2025-03-09 12:08:09"}
{"level":"info","message":"User 67cd5394ecc858f2a2ae98b0 left channel 67cd547b891595435e6c25f1","service":"block-backend","timestamp":"2025-03-09 12:08:33"}
{"level":"info","message":"User 67cd5394ecc858f2a2ae98b0 joined channel 67cd547b891595435e6c25f1","service":"block-backend","timestamp":"2025-03-09 12:08:33"}
{"level":"info","message":"User 67cd5394ecc858f2a2ae98b0 left channel 67cd547b891595435e6c25f1","service":"block-backend","timestamp":"2025-03-09 12:14:52"}
{"level":"info","message":"User 67cd5394ecc858f2a2ae98b0 joined channel 67cd547b891595435e6c25f1","service":"block-backend","timestamp":"2025-03-09 12:14:55"}
